<?xml version="1.0" encoding="UTF-8"?>
<testsuite name="memory.MemoryFinderTest" tests="1" skipped="0" failures="0" errors="0" timestamp="2024-09-05T09:43:33" hostname="DESKTOP-KNPKP40" time="0.372">
  <properties/>
  <testcase name="get()" classname="memory.MemoryFinderTest" time="0.372"/>
  <system-out><![CDATA[]]></system-out>
  <system-err><![CDATA[]]></system-err>
</testsuite>
